<?xml version="1.0" encoding="UTF-8"?>
<!-- Generated by org.testng.reporters.JUnitReportReporter -->
<testsuite hostname="Ankita" failures="0" tests="1" name="pom_framework.login.LoginTest" time="8.702" errors="0" timestamp="9 Jan 2024 07:43:37 GMT">
  <testcase classname="pom_framework.login.LoginTest" name="testLoginPage" time="8.702"/>
</testsuite> <!-- pom_framework.login.LoginTest -->
